INFO:     Started server process [10152]
INFO:     Waiting for application startup.
INFO:     Application startup complete.
INFO:     Uvicorn running on http://0.0.0.0:29027 (Press CTRL+C to quit)
FastAPI 服务已在后台启动，端口 29027
启动 Eel 界面...
本机地址：http://192.168.3.19:29027/postqrdata
本机地址：http://::1:29027/postqrdata
INFO:     192.168.3.19:52296 - "POST /postqrdata HTTP/1.1" 200 OK
INFO:     192.168.3.19:53351 - "POST /postqrdata HTTP/1.1" 200 OK
INFO:     192.168.3.19:60427 - "POST /postqrdata HTTP/1.1" 200 OK
INFO:     192.168.3.19:60428 - "POST /postqrdata HTTP/1.1" 200 OK
--- Logging error ---
Traceback (most recent call last):
  File "logging\__init__.py", line 1113, in emit
AttributeError: 'NoneType' object has no attribute 'write'
Call stack:
  File "gevent\baseserver.py", line 34, in _handle_and_close_when_done
  File "gevent\pywsgi.py", line 1704, in handle
  File "gevent\pywsgi.py", line 578, in handle
  File "gevent\pywsgi.py", line 808, in handle_one_request
  File "gevent\pywsgi.py", line 1148, in handle_one_response
  File "geventwebsocket\handler.py", line 242, in log_request
  File "logging\__init__.py", line 1489, in info
  File "logging\__init__.py", line 1634, in _log
  File "logging\__init__.py", line 1644, in handle
  File "logging\__init__.py", line 1706, in callHandlers
  File "logging\__init__.py", line 978, in handle
  File "logging\__init__.py", line 1118, in emit
Message: '127.0.0.1 - - [2025-11-15 14:07:21] "GET /index.html HTTP/1.1" 200 7441 0.001000'
Arguments: ()
--- Logging error ---
Traceback (most recent call last):
  File "logging\__init__.py", line 1113, in emit
AttributeError: 'NoneType' object has no attribute 'write'
Call stack:
  File "gevent\baseserver.py", line 34, in _handle_and_close_when_done
  File "gevent\pywsgi.py", line 1704, in handle
  File "gevent\pywsgi.py", line 578, in handle
  File "gevent\pywsgi.py", line 808, in handle_one_request
  File "gevent\pywsgi.py", line 1148, in handle_one_response
  File "geventwebsocket\handler.py", line 242, in log_request
  File "logging\__init__.py", line 1489, in info
  File "logging\__init__.py", line 1634, in _log
  File "logging\__init__.py", line 1644, in handle
  File "logging\__init__.py", line 1706, in callHandlers
  File "logging\__init__.py", line 978, in handle
  File "logging\__init__.py", line 1118, in emit
Message: '127.0.0.1 - - [2025-11-15 14:07:21] "GET /js/qrcode.min.js HTTP/1.1" 200 20200 0.000000'
Arguments: ()
--- Logging error ---
Traceback (most recent call last):
  File "logging\__init__.py", line 1113, in emit
AttributeError: 'NoneType' object has no attribute 'write'
Call stack:
  File "gevent\baseserver.py", line 34, in _handle_and_close_when_done
  File "gevent\pywsgi.py", line 1704, in handle
  File "gevent\pywsgi.py", line 578, in handle
  File "gevent\pywsgi.py", line 808, in handle_one_request
  File "gevent\pywsgi.py", line 1148, in handle_one_response
  File "geventwebsocket\handler.py", line 242, in log_request
  File "logging\__init__.py", line 1489, in info
  File "logging\__init__.py", line 1634, in _log
  File "logging\__init__.py", line 1644, in handle
  File "logging\__init__.py", line 1706, in callHandlers
  File "logging\__init__.py", line 978, in handle
  File "logging\__init__.py", line 1118, in emit
Message: '127.0.0.1 - - [2025-11-15 14:07:21] "GET /css/index.css HTTP/1.1" 200 341554 0.002448'
Arguments: ()
--- Logging error ---
Traceback (most recent call last):
  File "logging\__init__.py", line 1113, in emit
AttributeError: 'NoneType' object has no attribute 'write'
Call stack:
  File "gevent\baseserver.py", line 34, in _handle_and_close_when_done
  File "gevent\pywsgi.py", line 1704, in handle
  File "gevent\pywsgi.py", line 578, in handle
  File "gevent\pywsgi.py", line 808, in handle_one_request
  File "gevent\pywsgi.py", line 1148, in handle_one_response
  File "geventwebsocket\handler.py", line 242, in log_request
  File "logging\__init__.py", line 1489, in info
  File "logging\__init__.py", line 1634, in _log
  File "logging\__init__.py", line 1644, in handle
  File "logging\__init__.py", line 1706, in callHandlers
  File "logging\__init__.py", line 978, in handle
  File "logging\__init__.py", line 1118, in emit
Message: '127.0.0.1 - - [2025-11-15 14:07:21] "GET /js/vue.global.prod.js HTTP/1.1" 200 159906 0.000000'
Arguments: ()
--- Logging error ---
Traceback (most recent call last):
  File "logging\__init__.py", line 1113, in emit
AttributeError: 'NoneType' object has no attribute 'write'
Call stack:
  File "gevent\baseserver.py", line 34, in _handle_and_close_when_done
  File "gevent\pywsgi.py", line 1704, in handle
  File "gevent\pywsgi.py", line 578, in handle
  File "gevent\pywsgi.py", line 808, in handle_one_request
  File "gevent\pywsgi.py", line 1148, in handle_one_response
  File "geventwebsocket\handler.py", line 242, in log_request
  File "logging\__init__.py", line 1489, in info
  File "logging\__init__.py", line 1634, in _log
  File "logging\__init__.py", line 1644, in handle
  File "logging\__init__.py", line 1706, in callHandlers
  File "logging\__init__.py", line 978, in handle
  File "logging\__init__.py", line 1118, in emit
Message: '127.0.0.1 - - [2025-11-15 14:07:21] "GET /eel.js HTTP/1.1" 200 6070 0.000000'
Arguments: ()
--- Logging error ---
Traceback (most recent call last):
  File "logging\__init__.py", line 1113, in emit
AttributeError: 'NoneType' object has no attribute 'write'
Call stack:
  File "gevent\baseserver.py", line 34, in _handle_and_close_when_done
  File "gevent\pywsgi.py", line 1704, in handle
  File "gevent\pywsgi.py", line 578, in handle
  File "gevent\pywsgi.py", line 808, in handle_one_request
  File "gevent\pywsgi.py", line 1148, in handle_one_response
  File "geventwebsocket\handler.py", line 242, in log_request
  File "logging\__init__.py", line 1489, in info
  File "logging\__init__.py", line 1634, in _log
  File "logging\__init__.py", line 1644, in handle
  File "logging\__init__.py", line 1706, in callHandlers
  File "logging\__init__.py", line 978, in handle
  File "logging\__init__.py", line 1118, in emit
Message: '127.0.0.1 - - [2025-11-15 14:07:21] "GET /js/index.full.js HTTP/1.1" 200 2315768 0.005487'
Arguments: ()
--- Logging error ---
Traceback (most recent call last):
  File "logging\__init__.py", line 1113, in emit
AttributeError: 'NoneType' object has no attribute 'write'
Call stack:
  File "threading.py", line 1002, in _bootstrap
  File "threading.py", line 1045, in _bootstrap_inner
  File "threading.py", line 982, in run
  File "main.py", line 120, in run_fastapi
  File "uvicorn\main.py", line 593, in run
  File "uvicorn\server.py", line 67, in run
  File "uvicorn\_compat.py", line 30, in asyncio_run
  File "asyncio\runners.py", line 118, in run
  File "asyncio\base_events.py", line 641, in run_until_complete
  File "asyncio\windows_events.py", line 321, in run_forever
  File "asyncio\base_events.py", line 608, in run_forever
  File "asyncio\base_events.py", line 1936, in _run_once
  File "asyncio\events.py", line 84, in _run
  File "uvicorn\protocols\http\h11_impl.py", line 403, in run_asgi
  File "uvicorn\middleware\proxy_headers.py", line 60, in __call__
  File "fastapi\applications.py", line 1134, in __call__
  File "starlette\applications.py", line 113, in __call__
  File "starlette\middleware\errors.py", line 164, in __call__
  File "starlette\middleware\exceptions.py", line 63, in __call__
  File "starlette\_exception_handler.py", line 42, in wrapped_app
  File "fastapi\middleware\asyncexitstack.py", line 18, in __call__
  File "starlette\routing.py", line 716, in __call__
  File "starlette\routing.py", line 736, in app
  File "starlette\routing.py", line 290, in handle
  File "fastapi\routing.py", line 125, in app
  File "starlette\_exception_handler.py", line 42, in wrapped_app
  File "fastapi\routing.py", line 111, in app
  File "fastapi\routing.py", line 391, in app
  File "fastapi\routing.py", line 290, in run_endpoint_function
  File "main.py", line 106, in receive_json
  File "logging\__init__.py", line 2141, in info
  File "logging\__init__.py", line 1489, in info
  File "logging\__init__.py", line 1634, in _log
  File "logging\__init__.py", line 1644, in handle
  File "logging\__init__.py", line 1706, in callHandlers
  File "logging\__init__.py", line 978, in handle
  File "logging\__init__.py", line 1118, in emit
Message: '接收到的 qrdata 数据: %s'
Arguments: ('22227777',)
--- Logging error ---
Traceback (most recent call last):
  File "logging\__init__.py", line 1113, in emit
INFO:     192.168.3.19:60429 - "POST /postqrdata HTTP/1.1" 200 OK
INFO:     192.168.3.19:64009 - "POST /postqrdata HTTP/1.1" 200 OK
INFO:     192.168.3.19:64010 - "POST /postqrdata HTTP/1.1" 200 OK
INFO:     192.168.3.19:64011 - "POST /postqrdata HTTP/1.1" 200 OK
AttributeError: 'NoneType' object has no attribute 'write'
Call stack:
  File "threading.py", line 1002, in _bootstrap
  File "threading.py", line 1045, in _bootstrap_inner
  File "threading.py", line 982, in run
  File "main.py", line 120, in run_fastapi
  File "uvicorn\main.py", line 593, in run
  File "uvicorn\server.py", line 67, in run
  File "uvicorn\_compat.py", line 30, in asyncio_run
  File "asyncio\runners.py", line 118, in run
  File "asyncio\base_events.py", line 641, in run_until_complete
  File "asyncio\windows_events.py", line 321, in run_forever
  File "asyncio\base_events.py", line 608, in run_forever
  File "asyncio\base_events.py", line 1936, in _run_once
  File "asyncio\events.py", line 84, in _run
  File "uvicorn\protocols\http\h11_impl.py", line 403, in run_asgi
  File "uvicorn\middleware\proxy_headers.py", line 60, in __call__
  File "fastapi\applications.py", line 1134, in __call__
  File "starlette\applications.py", line 113, in __call__
  File "starlette\middleware\errors.py", line 164, in __call__
  File "starlette\middleware\exceptions.py", line 63, in __call__
  File "starlette\_exception_handler.py", line 42, in wrapped_app
  File "fastapi\middleware\asyncexitstack.py", line 18, in __call__
  File "starlette\routing.py", line 716, in __call__
  File "starlette\routing.py", line 736, in app
  File "starlette\routing.py", line 290, in handle
  File "fastapi\routing.py", line 125, in app
  File "starlette\_exception_handler.py", line 42, in wrapped_app
  File "fastapi\routing.py", line 111, in app
  File "fastapi\routing.py", line 391, in app
  File "fastapi\routing.py", line 290, in run_endpoint_function
  File "main.py", line 106, in receive_json
  File "logging\__init__.py", line 2141, in info
  File "logging\__init__.py", line 1489, in info
  File "logging\__init__.py", line 1634, in _log
  File "logging\__init__.py", line 1644, in handle
  File "logging\__init__.py", line 1706, in callHandlers
  File "logging\__init__.py", line 978, in handle
  File "logging\__init__.py", line 1118, in emit
Message: '接收到的 qrdata 数据: %s'
Arguments: ('22227777',)
--- Logging error ---
Traceback (most recent call last):
  File "logging\__init__.py", line 1113, in emit
AttributeError: 'NoneType' object has no attribute 'write'
Call stack:
  File "threading.py", line 1002, in _bootstrap
  File "threading.py", line 1045, in _bootstrap_inner
  File "threading.py", line 982, in run
  File "main.py", line 120, in run_fastapi
  File "uvicorn\main.py", line 593, in run
  File "uvicorn\server.py", line 67, in run
  File "uvicorn\_compat.py", line 30, in asyncio_run
  File "asyncio\runners.py", line 118, in run
  File "asyncio\base_events.py", line 641, in run_until_complete
  File "asyncio\windows_events.py", line 321, in run_forever
  File "asyncio\base_events.py", line 608, in run_forever
  File "asyncio\base_events.py", line 1936, in _run_once
  File "asyncio\events.py", line 84, in _run
  File "uvicorn\protocols\http\h11_impl.py", line 403, in run_asgi
  File "uvicorn\middleware\proxy_headers.py", line 60, in __call__
  File "fastapi\applications.py", line 1134, in __call__
  File "starlette\applications.py", line 113, in __call__
  File "starlette\middleware\errors.py", line 164, in __call__
  File "starlette\middleware\exceptions.py", line 63, in __call__
  File "starlette\_exception_handler.py", line 42, in wrapped_app
  File "fastapi\middleware\asyncexitstack.py", line 18, in __call__
  File "starlette\routing.py", line 716, in __call__
  File "starlette\routing.py", line 736, in app
  File "starlette\routing.py", line 290, in handle
  File "fastapi\routing.py", line 125, in app
  File "starlette\_exception_handler.py", line 42, in wrapped_app
  File "fastapi\routing.py", line 111, in app
  File "fastapi\routing.py", line 391, in app
  File "fastapi\routing.py", line 290, in run_endpoint_function
  File "main.py", line 106, in receive_json
  File "logging\__init__.py", line 2141, in info
  File "logging\__init__.py", line 1489, in info
  File "logging\__init__.py", line 1634, in _log
  File "logging\__init__.py", line 1644, in handle
  File "logging\__init__.py", line 1706, in callHandlers
  File "logging\__init__.py", line 978, in handle
  File "logging\__init__.py", line 1118, in emit
Message: '接收到的 qrdata 数据: %s'
Arguments: ('22227777',)
--- Logging error ---
Traceback (most recent call last):
  File "logging\__init__.py", line 1113, in emit
AttributeError: 'NoneType' object has no attribute 'write'
Call stack:
  File "threading.py", line 1002, in _bootstrap
  File "threading.py", line 1045, in _bootstrap_inner
  File "threading.py", line 982, in run
  File "main.py", line 120, in run_fastapi
  File "uvicorn\main.py", line 593, in run
  File "uvicorn\server.py", line 67, in run
  File "uvicorn\_compat.py", line 30, in asyncio_run
  File "asyncio\runners.py", line 118, in run
  File "asyncio\base_events.py", line 641, in run_until_complete
  File "asyncio\windows_events.py", line 321, in run_forever
  File "asyncio\base_events.py", line 608, in run_forever
  File "asyncio\base_events.py", line 1936, in _run_once
  File "asyncio\events.py", line 84, in _run
  File "uvicorn\protocols\http\h11_impl.py", line 403, in run_asgi
  File "uvicorn\middleware\proxy_headers.py", line 60, in __call__
  File "fastapi\applications.py", line 1134, in __call__
  File "starlette\applications.py", line 113, in __call__
  File "starlette\middleware\errors.py", line 164, in __call__
  File "starlette\middleware\exceptions.py", line 63, in __call__
  File "starlette\_exception_handler.py", line 42, in wrapped_app
  File "fastapi\middleware\asyncexitstack.py", line 18, in __call__
  File "starlette\routing.py", line 716, in __call__
  File "starlette\routing.py", line 736, in app
  File "starlette\routing.py", line 290, in handle
  File "fastapi\routing.py", line 125, in app
  File "starlette\_exception_handler.py", line 42, in wrapped_app
  File "fastapi\routing.py", line 111, in app
  File "fastapi\routing.py", line 391, in app
  File "fastapi\routing.py", line 290, in run_endpoint_function
  File "main.py", line 106, in receive_json
  File "logging\__init__.py", line 2141, in info
  File "logging\__init__.py", line 1489, in info
  File "logging\__init__.py", line 1634, in _log
  File "logging\__init__.py", line 1644, in handle
  File "logging\__init__.py", line 1706, in callHandlers
  File "logging\__init__.py", line 978, in handle
  File "logging\__init__.py", line 1118, in emit
Message: '接收到的 qrdata 数据: %s'
Arguments: ('22227777',)
--- Logging error ---
Traceback (most recent call last):
  File "logging\__init__.py", line 1113, in emit
AttributeError: 'NoneType' object has no attribute 'write'
Call stack:
  File "threading.py", line 1002, in _bootstrap
  File "threading.py", line 1045, in _bootstrap_inner
  File "threading.py", line 982, in run
  File "main.py", line 120, in run_fastapi
  File "uvicorn\main.py", line 593, in run
  File "uvicorn\server.py", line 67, in run
  File "uvicorn\_compat.py", line 30, in asyncio_run
  File "asyncio\runners.py", line 118, in run
  File "asyncio\base_events.py", line 641, in run_until_complete
  File "asyncio\windows_events.py", line 321, in run_forever
  File "asyncio\base_events.py", line 608, in run_forever
  File "asyncio\base_events.py", line 1936, in _run_once
  File "asyncio\events.py", line 84, in _run
  File "uvicorn\protocols\http\h11_impl.py", line 403, in run_asgi
  File "uvicorn\middleware\proxy_headers.py", line 60, in __call__
  File "fastapi\applications.py", line 1134, in __call__
  File "starlette\applications.py", line 113, in __call__
  File "starlette\middleware\errors.py", line 164, in __call__
  File "starlette\middleware\exceptions.py", line 63, in __call__
  File "starlette\_exception_handler.py", line 42, in wrapped_app
  File "fastapi\middleware\asyncexitstack.py", line 18, in __call__
  File "starlette\routing.py", line 716, in __call__
  File "starlette\routing.py", line 736, in app
INFO:     192.168.3.19:64012 - "POST /postqrdata HTTP/1.1" 200 OK
INFO:     192.168.3.19:49864 - "POST /postqrdata HTTP/1.1" 200 OK
  File "starlette\routing.py", line 290, in handle
  File "fastapi\routing.py", line 125, in app
  File "starlette\_exception_handler.py", line 42, in wrapped_app
  File "fastapi\routing.py", line 111, in app
  File "fastapi\routing.py", line 391, in app
  File "fastapi\routing.py", line 290, in run_endpoint_function
  File "main.py", line 106, in receive_json
  File "logging\__init__.py", line 2141, in info
  File "logging\__init__.py", line 1489, in info
  File "logging\__init__.py", line 1634, in _log
  File "logging\__init__.py", line 1644, in handle
  File "logging\__init__.py", line 1706, in callHandlers
  File "logging\__init__.py", line 978, in handle
  File "logging\__init__.py", line 1118, in emit
Message: '接收到的 qrdata 数据: %s'
Arguments: ('22227777',)
--- Logging error ---
Traceback (most recent call last):
  File "logging\__init__.py", line 1113, in emit
AttributeError: 'NoneType' object has no attribute 'write'
Call stack:
  File "threading.py", line 1002, in _bootstrap
  File "threading.py", line 1045, in _bootstrap_inner
  File "threading.py", line 982, in run
  File "main.py", line 120, in run_fastapi
  File "uvicorn\main.py", line 593, in run
  File "uvicorn\server.py", line 67, in run
  File "uvicorn\_compat.py", line 30, in asyncio_run
  File "asyncio\runners.py", line 118, in run
  File "asyncio\base_events.py", line 641, in run_until_complete
  File "asyncio\windows_events.py", line 321, in run_forever
  File "asyncio\base_events.py", line 608, in run_forever
  File "asyncio\base_events.py", line 1936, in _run_once
  File "asyncio\events.py", line 84, in _run
  File "uvicorn\protocols\http\h11_impl.py", line 403, in run_asgi
  File "uvicorn\middleware\proxy_headers.py", line 60, in __call__
  File "fastapi\applications.py", line 1134, in __call__
  File "starlette\applications.py", line 113, in __call__
  File "starlette\middleware\errors.py", line 164, in __call__
  File "starlette\middleware\exceptions.py", line 63, in __call__
  File "starlette\_exception_handler.py", line 42, in wrapped_app
  File "fastapi\middleware\asyncexitstack.py", line 18, in __call__
  File "starlette\routing.py", line 716, in __call__
  File "starlette\routing.py", line 736, in app
  File "starlette\routing.py", line 290, in handle
  File "fastapi\routing.py", line 125, in app
  File "starlette\_exception_handler.py", line 42, in wrapped_app
  File "fastapi\routing.py", line 111, in app
  File "fastapi\routing.py", line 391, in app
  File "fastapi\routing.py", line 290, in run_endpoint_function
  File "main.py", line 106, in receive_json
  File "logging\__init__.py", line 2141, in info
  File "logging\__init__.py", line 1489, in info
  File "logging\__init__.py", line 1634, in _log
  File "logging\__init__.py", line 1644, in handle
  File "logging\__init__.py", line 1706, in callHandlers
  File "logging\__init__.py", line 978, in handle
  File "logging\__init__.py", line 1118, in emit
Message: '接收到的 qrdata 数据: %s'
Arguments: ('22227777',)
--- Logging error ---
Traceback (most recent call last):
  File "logging\__init__.py", line 1113, in emit
AttributeError: 'NoneType' object has no attribute 'write'
Call stack:
  File "threading.py", line 1002, in _bootstrap
  File "threading.py", line 1045, in _bootstrap_inner
  File "threading.py", line 982, in run
  File "main.py", line 120, in run_fastapi
  File "uvicorn\main.py", line 593, in run
  File "uvicorn\server.py", line 67, in run
  File "uvicorn\_compat.py", line 30, in asyncio_run
  File "asyncio\runners.py", line 118, in run
  File "asyncio\base_events.py", line 641, in run_until_complete
  File "asyncio\windows_events.py", line 321, in run_forever
  File "asyncio\base_events.py", line 608, in run_forever
  File "asyncio\base_events.py", line 1936, in _run_once
  File "asyncio\events.py", line 84, in _run
  File "uvicorn\protocols\http\h11_impl.py", line 403, in run_asgi
  File "uvicorn\middleware\proxy_headers.py", line 60, in __call__
  File "fastapi\applications.py", line 1134, in __call__
  File "starlette\applications.py", line 113, in __call__
  File "starlette\middleware\errors.py", line 164, in __call__
  File "starlette\middleware\exceptions.py", line 63, in __call__
  File "starlette\_exception_handler.py", line 42, in wrapped_app
  File "fastapi\middleware\asyncexitstack.py", line 18, in __call__
  File "starlette\routing.py", line 716, in __call__
  File "starlette\routing.py", line 736, in app
  File "starlette\routing.py", line 290, in handle
  File "fastapi\routing.py", line 125, in app
  File "starlette\_exception_handler.py", line 42, in wrapped_app
  File "fastapi\routing.py", line 111, in app
  File "fastapi\routing.py", line 391, in app
  File "fastapi\routing.py", line 290, in run_endpoint_function
  File "main.py", line 106, in receive_json
  File "logging\__init__.py", line 2141, in info
  File "logging\__init__.py", line 1489, in info
  File "logging\__init__.py", line 1634, in _log
  File "logging\__init__.py", line 1644, in handle
  File "logging\__init__.py", line 1706, in callHandlers
  File "logging\__init__.py", line 978, in handle
  File "logging\__init__.py", line 1118, in emit
Message: '接收到的 qrdata 数据: %s'
Arguments: ('22227777',)
--- Logging error ---
Traceback (most recent call last):
  File "logging\__init__.py", line 1113, in emit
AttributeError: 'NoneType' object has no attribute 'write'
Call stack:
  File "threading.py", line 1002, in _bootstrap
  File "threading.py", line 1045, in _bootstrap_inner
  File "threading.py", line 982, in run
  File "main.py", line 120, in run_fastapi
  File "uvicorn\main.py", line 593, in run
  File "uvicorn\server.py", line 67, in run
  File "uvicorn\_compat.py", line 30, in asyncio_run
  File "asyncio\runners.py", line 118, in run
  File "asyncio\base_events.py", line 641, in run_until_complete
  File "asyncio\windows_events.py", line 321, in run_forever
  File "asyncio\base_events.py", line 608, in run_forever
  File "asyncio\base_events.py", line 1936, in _run_once
  File "asyncio\events.py", line 84, in _run
  File "uvicorn\protocols\http\h11_impl.py", line 403, in run_asgi
  File "uvicorn\middleware\proxy_headers.py", line 60, in __call__
  File "fastapi\applications.py", line 1134, in __call__
  File "starlette\applications.py", line 113, in __call__
  File "starlette\middleware\errors.py", line 164, in __call__
  File "starlette\middleware\exceptions.py", line 63, in __call__
  File "starlette\_exception_handler.py", line 42, in wrapped_app
  File "fastapi\middleware\asyncexitstack.py", line 18, in __call__
  File "starlette\routing.py", line 716, in __call__
  File "starlette\routing.py", line 736, in app
  File "starlette\routing.py", line 290, in handle
  File "fastapi\routing.py", line 125, in app
  File "starlette\_exception_handler.py", line 42, in wrapped_app
  File "fastapi\routing.py", line 111, in app
  File "fastapi\routing.py", line 391, in app
  File "fastapi\routing.py", line 290, in run_endpoint_function
  File "main.py", line 106, in receive_json
  File "logging\__init__.py", line 2141, in info
  File "logging\__init__.py", line 1489, in info
  File "logging\__init__.py", line 1634, in _log
  File "logging\__init__.py", line 1644, in handle
  File "logging\__init__.py", line 1706, in callHandlers
  File "logging\__init__.py", line 978, in handle
  File "logging\__init__.py", line 1118, in emit
Message: '接收到的 qrdata 数据: %s'
Arguments: ('22227777',)
--- Logging error ---
Traceback (most recent call last):
  File "logging\__init__.py", line 1113, in emit
AttributeError: 'NoneType' object has no attribute 'write'
Call stack:
  File "threading.py", line 1002, in _bootstrap
  File "threading.py", line 1045, in _bootstrap_inner
  File "threading.py", line 982, in run
  File "main.py", line 120, in run_fastapi
  File "uvicorn\main.py", line 593, in run
  File "uvicorn\server.py", line 67, in run
  File "uvicorn\_compat.py", line 30, in asyncio_run
  File "asyncio\runners.py", line 118, in run
  File "asyncio\base_events.py", line 641, in run_until_complete
  File "asyncio\windows_events.py", line 321, in run_forever
  File "asyncio\base_events.py", line 608, in run_forever
  File "asyncio\base_events.py", line 1936, in _run_once
  File "asyncio\events.py", line 84, in _run
  File "uvicorn\protocols\http\h11_impl.py", line 403, in run_asgi
  File "uvicorn\middleware\proxy_headers.py", line 60, in __call__
  File "fastapi\applications.py", line 1134, in __call__
  File "starlette\applications.py", line 113, in __call__
  File "starlette\middleware\errors.py", line 164, in __call__
  File "starlette\middleware\exceptions.py", line 63, in __call__
  File "starlette\_exception_handler.py", line 42, in wrapped_app
  File "fastapi\middleware\asyncexitstack.py", line 18, in __call__
  File "starlette\routing.py", line 716, in __call__
  File "starlette\routing.py", line 736, in app
  File "starlette\routing.py", line 290, in handle
  File "fastapi\routing.py", line 125, in app
  File "starlette\_exception_handler.py", line 42, in wrapped_app
  File "fastapi\routing.py", line 111, in app
  File "fastapi\routing.py", line 391, in app
  File "fastapi\routing.py", line 290, in run_endpoint_function
  File "main.py", line 106, in receive_json
  File "logging\__init__.py", line 2141, in info
  File "logging\__init__.py", line 1489, in info
  File "logging\__init__.py", line 1634, in _log
  File "logging\__init__.py", line 1644, in handle
  File "logging\__init__.py", line 1706, in callHandlers
  File "logging\__init__.py", line 978, in handle
  File "logging\__init__.py", line 1118, in emit
Message: '接收到的 qrdata 数据: %s'
Arguments: ('22227777',)
--- Logging error ---
Traceback (most recent call last):
  File "logging\__init__.py", line 1113, in emit
AttributeError: 'NoneType' object has no attribute 'write'
Call stack:
  File "threading.py", line 1002, in _bootstrap
  File "threading.py", line 1045, in _bootstrap_inner
  File "threading.py", line 982, in run
  File "main.py", line 120, in run_fastapi
  File "uvicorn\main.py", line 593, in run
  File "uvicorn\server.py", line 67, in run
  File "uvicorn\_compat.py", line 30, in asyncio_run
  File "asyncio\runners.py", line 118, in run
  File "asyncio\base_events.py", line 641, in run_until_complete
  File "asyncio\windows_events.py", line 321, in run_forever
  File "asyncio\base_events.py", line 608, in run_forever
  File "asyncio\base_events.py", line 1936, in _run_once
  File "asyncio\events.py", line 84, in _run
  File "uvicorn\protocols\http\h11_impl.py", line 403, in run_asgi
  File "uvicorn\middleware\proxy_headers.py", line 60, in __call__
  File "fastapi\applications.py", line 1134, in __call__
  File "starlette\applications.py", line 113, in __call__
  File "starlette\middleware\errors.py", line 164, in __call__
  File "starlette\middleware\exceptions.py", line 63, in __call__
  File "starlette\_exception_handler.py", line 42, in wrapped_app
  File "fastapi\middleware\asyncexitstack.py", line 18, in __call__
  File "starlette\routing.py", line 716, in __call__
  File "starlette\routing.py", line 736, in app
  File "starlette\routing.py", line 290, in handle
  File "fastapi\routing.py", line 125, in app
  File "starlette\_exception_handler.py", line 42, in wrapped_app
  File "fastapi\routing.py", line 111, in app
  File "fastapi\routing.py", line 391, in app
  File "fastapi\routing.py", line 290, in run_endpoint_function
  File "main.py", line 106, in receive_json
  File "logging\__init__.py", line 2141, in info
  File "logging\__init__.py", line 1489, in info
  File "logging\__init__.py", line 1634, in _log
  File "logging\__init__.py", line 1644, in handle
  File "logging\__init__.py", line 1706, in callHandlers
  File "logging\__init__.py", line 978, in handle
  File "logging\__init__.py", line 1118, in emit
Message: '接收到的 qrdata 数据: %s'
Arguments: ('22227777',)
